<?xml version="1.0" encoding="UTF-8"?>
<testsuite xmlns:xsi="http://www.w3.org/2001/XMLSchema-instance" xsi:noNamespaceSchemaLocation="https://maven.apache.org/surefire/maven-surefire-plugin/xsd/surefire-test-report-3.0.xsd" version="3.0" name="Login feature" time="15.759" tests="4" errors="0" skipped="0" failures="0">
  <properties>
[...]
</properties>
  <testcase name="I should be able to login successfully to SauceDemo using valid credentials" classname="Login feature" time="4.372">
    <system-out><![CDATA[
@login
Scenario: I should be able to login successfully to SauceDemo using valid credentials # src/test/resources/features/Login.feature:4

    Login using the following credentials username : standard_user and password : secret_sauce  

  Given I login to SauceDemo using valid credentials                                  # org.stepdefinitions.LoginStepDefinitions.iLoginToSauceDemoUsingValidCredentials()

    Successfully navigated to dashboard page

  Then I should be navigated to dashboard page                                        # org.stepdefinitions.LoginStepDefinitions.iShouldBeNavigatedToDashboardPage()

    Embedding I should be able to login successfully to SauceDemo using valid credentials [image/png 178000 bytes]

]]></system-out>
    <system-err><![CDATA[Apr 04, 2024 1:38:15 AM org.openqa.selenium.devtools.CdpVersionFinder findNearestMatch
WARNING: Unable to find an exact match for CDP version 123, returning the closest version; found: 121; Please update to a Selenium version that supports CDP version 123
]]></system-err>
  </testcase>
  <testcase name="User should be able to see an error message in SauceDemo login page when I used invalid credentials" classname="Login feature" time="3.839">
    <system-out><![CDATA[
@login
Scenario: User should be able to see an error message in SauceDemo login page when I used invalid credentials # src/test/resources/features/Login.feature:8

    Login using the following credentials username : invalid_username and password : invalid_password  

  Given I login to SauceDemo using invalid credentials                                                        # org.stepdefinitions.LoginStepDefinitions.iLoginToSauceDemoUsingInvalidCredentials()

    Error message 'Epic sadface: Username and password do not match any user in this service' is displaying  

  Then I should be able to see an error message                                                               # org.stepdefinitions.LoginStepDefinitions.iShouldBeAbleToSeeAnErrorMessage()

    Embedding User should be able to see an error message in SauceDemo login page when I used invalid credentials [image/png 45080 bytes]

]]></system-out>
    <system-err><![CDATA[Apr 04, 2024 1:38:19 AM org.openqa.selenium.devtools.CdpVersionFinder findNearestMatch
WARNING: Unable to find an exact match for CDP version 123, returning the closest version; found: 121; Please update to a Selenium version that supports CDP version 123
]]></system-err>
  </testcase>
  <testcase name="User should be able to see an error message in SauceDemo login page when username and password fields are empty" classname="Login feature" time="3.792">
    <system-out><![CDATA[
@login
Scenario: User should be able to see an error message in SauceDemo login page when username and password fields are empty # src/test/resources/features/Login.feature:12

    Login using the following credentials username :  and password :   

  Given I login to SauceDemo using empty credentials                                                                      # org.stepdefinitions.LoginStepDefinitions.iLoginToSauceDemoUsingEmptyCredentials()

    Error message 'Epic sadface: Username is required' is displaying  

  Then I should be able to see the error message : "Epic sadface: Username is required"                                   # org.stepdefinitions.LoginStepDefinitions.iShouldBeAbleToSeeAnErrorMessage(java.lang.String)

    Embedding User should be able to see an error message in SauceDemo login page when username and password fields are empty [image/png 43115 bytes]

]]></system-out>
    <system-err><![CDATA[Apr 04, 2024 1:38:23 AM org.openqa.selenium.devtools.CdpVersionFinder findNearestMatch
WARNING: Unable to find an exact match for CDP version 123, returning the closest version; found: 121; Please update to a Selenium version that supports CDP version 123
]]></system-err>
  </testcase>
  <testcase name="User should be able to see an error message in SauceDemo login page when password field is empty" classname="Login feature" time="3.756">
    <system-out><![CDATA[
@login
Scenario: User should be able to see an error message in SauceDemo login page when password field is empty # src/test/resources/features/Login.feature:16

    Login using the following credentials username : standard_user and password :   

  Given I login to SauceDemo using empty password field                                                    # org.stepdefinitions.LoginStepDefinitions.iLoginToSauceDemoUsingEmptyPasswordField()

    Error message 'Epic sadface: Password is required' is displaying  

  Then I should be able to see the error message : "Epic sadface: Password is required"                    # org.stepdefinitions.LoginStepDefinitions.iShouldBeAbleToSeeAnErrorMessage(java.lang.String)

    Embedding User should be able to see an error message in SauceDemo login page when password field is empty [image/png 43740 bytes]

]]></system-out>
    <system-err><![CDATA[Apr 04, 2024 1:38:27 AM org.openqa.selenium.devtools.CdpVersionFinder findNearestMatch
WARNING: Unable to find an exact match for CDP version 123, returning the closest version; found: 121; Please update to a Selenium version that supports CDP version 123
]]></system-err>
  </testcase>
</testsuite>